All class methods removed by the cleaning functions
====================================================

Protected Methods

wxWindow::SafelyProcessEvent
wxWindow::SendDestroyEvent
wxWithImages::HasImageList
wxWithImages::GetImage
wxFileSystemHandler::GetAnchor
wxFileSystemHandler::GetLeftLocation
wxFileSystemHandler::GetProtocol
wxFileSystemHandler::GetRightLocation
wxObject::AllocExclusive
wxThread::Exit
wxOutputStream::OnSysWrite
wxGrid::CanHaveAttributes
wxGrid::GetColLeft
wxGrid::GetColMinimalWidth
wxGrid::GetColRight
wxGrid::GetRowMinimalHeight
wxGridCellNumberEditor::HasRange
wxGridCellNumberEditor::GetString
wxTextValidator::ContainsExcludedCharacters
wxTextValidator::ContainsOnlyIncludedCharacters
wxXmlResource::ReportError
wxHtmlHelpWindow::CreateContents
wxHtmlHelpWindow::CreateIndex
wxHtmlHelpWindow::CreateSearch
wxHtmlTagHandler::ParseInner
wxModule::AddDependency
wxModule::AddDependency
wxXmlResourceHandler::AddStyle
wxXmlResourceHandler::AddWindowStyles
wxXmlResourceHandler::CreateChildren
wxXmlResourceHandler::CreateChildrenPrivately
wxXmlResourceHandler::CreateResFromNode
wxXmlResourceHandler::GetAnimation
wxXmlResourceHandler::GetBitmap
wxXmlResourceHandler::GetBitmap
wxXmlResourceHandler::GetBool
wxXmlResourceHandler::GetColour
wxXmlResourceHandler::GetCurFileSystem
wxXmlResourceHandler::GetDimension
wxXmlResourceHandler::GetDirection
wxXmlResourceHandler::GetFont
wxXmlResourceHandler::GetID
wxXmlResourceHandler::GetIcon
wxXmlResourceHandler::GetIcon
wxXmlResourceHandler::GetIconBundle
wxXmlResourceHandler::GetImageList
wxXmlResourceHandler::GetLong
wxXmlResourceHandler::GetName
wxXmlResourceHandler::GetNodeContent
wxXmlResourceHandler::GetParamNode
wxXmlResourceHandler::GetParamValue
wxXmlResourceHandler::GetParamValue
wxXmlResourceHandler::GetPosition
wxXmlResourceHandler::GetSize
wxXmlResourceHandler::GetStyle
wxXmlResourceHandler::GetText
wxXmlResourceHandler::HasParam
wxXmlResourceHandler::IsOfClass
wxXmlResourceHandler::ReportError
wxXmlResourceHandler::ReportError
wxXmlResourceHandler::ReportParamError
wxXmlResourceHandler::SetupWindow
wxLogGui::Clear
wxLogGui::GetSeverityIcon
wxLogGui::GetTitle



Virtual Overrides

wxAuiNotebook::AddPage
wxSpinCtrl::SetValue
wxSpinCtrlDouble::SetValue
wxToolBar::SetMargins
wxToolBar::AddTool
wxGrid::GetDefaultEditorForCell
wxDataViewListCtrl::AppendColumn
wxDataViewListCtrl::InsertColumn
wxDataViewListCtrl::PrependColumn
wxToolBarToolBase::Toggle



Operators

wxAuiPaneInfo::operator=
wxGBPosition::operator==
wxGBPosition::operator!=
wxObject::operator delete
wxObject::operator new
wxStreamBase::operator!
wxDataFormat::operator!=
wxDataFormat::operator==
wxPrintDialogData::operator=
wxXmlNode::operator=
wxXmlDocument::operator=



Non Virtual On*

wxTextCtrl::OnDropFiles
wxNotebook::OnSelChange
wxTextValidator::OnChar
wxSashLayoutWindow::OnCalculateLayout
wxSashLayoutWindow::OnQueryLayoutInfo
wxPreviewFrame::OnCloseWindow



Methods duplicated on multiple base classes and not all virtual




Methods implementing unknown types

wxImage::HSVValue	wxImage::HSVValue wxImage::RGBtoHSV(const wxImage::RGBValue& rgb)
wxImage::RGBValue	wxImage::RGBValue wxImage::HSVtoRGB(const wxImage::HSVValue& hsv)
wxList&	wxList& wxImage::GetHandlers()
wxImageHistogram&	unsigned long wxImage::ComputeHistogram(wxImageHistogram& histogram)
wxTreeItemIdValue&	wxTreeItemId wxTreeCtrl::GetNextChild(const wxTreeItemId& item, wxTreeItemIdValue& cookie)
const wxPointList*	void wxDC::DrawLines(const wxPointList* points, wxCoord xoffset=0, wxCoord yoffset=0)
wxFontMetrics	wxFontMetrics wxDC::GetFontMetrics()
wxArrayInt&	bool wxDC::GetPartialTextExtents(const wxString& text, wxArrayInt& widths)
wxAffineMatrix2D	wxAffineMatrix2D wxDC::GetTransformMatrix()
const wxAffineMatrix2D&	bool wxDC::SetTransformMatrix(const wxAffineMatrix2D& matrix)
wxChar	wxChar wxKeyEvent::GetUnicodeKey()
wxCharBuffer	wxCharBuffer wxStyledTextCtrl::GetLineRaw(int line)
wxCharBuffer	wxCharBuffer wxStyledTextCtrl::GetSelectedTextRaw()
wxCharBuffer	wxCharBuffer wxStyledTextCtrl::GetTextRangeRaw(int startPos, int endPos)
wxCharBuffer	wxCharBuffer wxStyledTextCtrl::GetTextRaw()
wxCharBuffer	wxCharBuffer wxStyledTextCtrl::GetCurLineRaw(int* linePos=NULL)
const wxArrayInt&	 wxRearrangeCtrl::wxRearrangeCtrl(wxWindow* parent, wxWindowID id, const wxPoint& pos, const wxSize& size, const wxArrayInt& order, const wxArrayString& items, long style=0, const wxValidator& validator=wxDefaultValidator, const wxString& name=wxRearrangeListNameStr)
const wxArrayInt&	bool wxRearrangeCtrl::Create(wxWindow* parent, wxWindowID id, const wxPoint& pos, const wxSize& size, const wxArrayInt& order, const wxArrayString& items, long style=0, const wxValidator& validator=wxDefaultValidator, const wxString& name=wxRearrangeListNameStr)
const wxArrayInt&	bool wxRearrangeDialog::Create(wxWindow* parent, const wxString& message, const wxString& title, const wxArrayInt& order, const wxArrayString& items, const wxPoint& pos=wxDefaultPosition, const wxString& name=wxRearrangeDialogNameStr)
const wxArrayInt&	 wxRearrangeDialog::wxRearrangeDialog(wxWindow* parent, const wxString& message, const wxString& title, const wxArrayInt& order, const wxArrayString& items, const wxPoint& pos=wxDefaultPosition, const wxString& name=wxRearrangeDialogNameStr)
const wxArrayInt&	bool wxRearrangeList::Create(wxWindow* parent, wxWindowID id, const wxPoint& pos, const wxSize& size, const wxArrayInt& order, const wxArrayString& items, long style=0, const wxValidator& validator=wxDefaultValidator, const wxString& name=wxRearrangeListNameStr)
const wxArrayInt&	 wxRearrangeList::wxRearrangeList(wxWindow* parent, wxWindowID id, const wxPoint& pos, const wxSize& size, const wxArrayInt& order, const wxArrayString& items, long style=0, const wxValidator& validator=wxDefaultValidator, const wxString& name=wxRearrangeListNameStr)
wxHtmlWindowInterface*	wxCursor wxHtmlCell::GetMouseCursor(wxHtmlWindowInterface* window)
const wchar_t*	int wxHtmlTag::ScanParam(const wxString& par, const wchar_t* format, void* value)
wxDirFilterListCtrl*	wxDirFilterListCtrl* wxGenericDirCtrl::GetFilterListCtrl()
const wxULongLong&	wxString wxFileName::GetHumanReadableSize(const wxULongLong& bytes, const wxString& nullsize=_("Not available"), int precision=1, wxSizeConvention conv=wxSIZE_CONV_TRADITIONAL)
wxUniChar	wxUniChar wxFileName::GetPathSeparator(wxPathFormat format=wxPATH_NATIVE)
wxChar	bool wxFileName::IsPathSeparator(wxChar ch, wxPathFormat format=wxPATH_NATIVE)
wxMDIClientWindowBase*	wxMDIClientWindowBase* wxMDIParentFrame::GetClientWindow()
wxTreeListItemComparator*	void wxTreeListCtrl::SetItemComparator(wxTreeListItemComparator* comparator)
wxTreeListItems&	unsigned wxTreeListCtrl::GetSelections(wxTreeListItems& selections)
FILE*	 wxFFile::wxFFile(FILE* fp)
const wxMBConv&	bool wxFFile::Write(const wxString& str, const wxMBConv& conv=wxConvAuto())
const wxMBConv&	bool wxFFile::ReadAll(wxString* str, const wxMBConv& conv=wxConvAuto())
FILE*	void wxFFile::Attach(FILE* fp, const wxString& name=wxEmptyString)
FILE*	FILE* wxFFile::Detach()
FILE*	FILE* wxFFile::fp()
wxThreadIdType	wxThreadIdType wxThread::GetCurrentId()
wxThreadIdType	wxThreadIdType wxThread::GetId()
wxThreadIdType	wxThreadIdType wxThread::GetMainId()
ExtraControlCreatorFunction	bool wxFileDialog::SetExtraControlCreator(ExtraControlCreatorFunction creator)
const wxAuiNotebookPageArray&	int wxAuiTabArt::GetBestTabCtrlSize(wxWindow* , const wxAuiNotebookPageArray& , const wxSize&)
const wxAuiNotebookPage&	void wxAuiTabArt::DrawTab(wxDC& dc, wxWindow* wnd, const wxAuiNotebookPage& page, const wxRect& rect, int close_button_state, wxRect* out_tab_rect, wxRect* out_button_rect, int* x_extent)
wxGridCellCoordsArray	wxGridCellCoordsArray wxGrid::GetSelectedCells()
wxArrayInt	wxArrayInt wxGrid::GetSelectedCols()
wxArrayInt	wxArrayInt wxGrid::GetSelectedRows()
wxGridCellCoordsArray	wxGridCellCoordsArray wxGrid::GetSelectionBlockBottomRight()
wxGridCellCoordsArray	wxGridCellCoordsArray wxGrid::GetSelectionBlockTopLeft()
const wxArrayInt&	void wxGrid::SetColumnsOrder(const wxArrayInt& order)
const wxArrayInt&	 wxGridSizesInfo::wxGridSizesInfo(int defSize, const wxArrayInt& allSizes)
wxDataViewItemArray&	int wxDataViewCtrl::GetSelections(wxDataViewItemArray& sel)
const wxDataViewItemArray&	void wxDataViewCtrl::SetSelections(const wxDataViewItemArray& sel)
wxDataViewItemArray&	unsigned int wxDataViewModel::GetChildren(const wxDataViewItem& item, wxDataViewItemArray& children)
const wxDataViewItemArray&	bool wxDataViewModel::ItemsAdded(const wxDataViewItem& parent, const wxDataViewItemArray& items)
const wxDataViewItemArray&	bool wxDataViewModel::ItemsChanged(const wxDataViewItemArray& items)
const wxDataViewItemArray&	bool wxDataViewModel::ItemsDeleted(const wxDataViewItem& parent, const wxDataViewItemArray& items)
const wxDataViewItemArray&	bool wxDataViewModelNotifier::ItemsAdded(const wxDataViewItem& parent, const wxDataViewItemArray& items)
const wxDataViewItemArray&	bool wxDataViewModelNotifier::ItemsChanged(const wxDataViewItemArray& items)
const wxDataViewItemArray&	bool wxDataViewModelNotifier::ItemsDeleted(const wxDataViewItem& parent, const wxDataViewItemArray& items)
const wxVector< wxVariant >&	void wxDataViewListCtrl::AppendItem(const wxVector< wxVariant >& values, wxUIntPtr data=NULL)
const wxVector< wxVariant >&	void wxDataViewListCtrl::PrependItem(const wxVector< wxVariant >& values, wxUIntPtr data=NULL)
const wxVector< wxVariant >&	void wxDataViewListCtrl::InsertItem(unsigned int row, const wxVector< wxVariant >& values, wxUIntPtr data=NULL)
const wxVector< wxVariant >&	void wxDataViewListStore::AppendItem(const wxVector< wxVariant >& values, wxUIntPtr data=NULL)
const wxVector< wxVariant >&	void wxDataViewListStore::PrependItem(const wxVector< wxVariant >& values, wxUIntPtr data=NULL)
const wxVector< wxVariant >&	void wxDataViewListStore::InsertItem(unsigned int row, const wxVector< wxVariant >& values, wxUIntPtr data=NULL)
const wxMBConv&	 wxDataInputStream::wxDataInputStream(wxInputStream& stream, const wxMBConv& conv=wxConvUTF8)
const wxMBConv&	void wxDataInputStream::SetConv(const wxMBConv& conv)
wxMBConv*	wxMBConv* wxDataInputStream::GetConv()
wxMBConv*	wxMBConv* wxDataOutputStream::GetConv()
const wxMBConv&	void wxDataOutputStream::SetConv(const wxMBConv& conv)
const wxMBConv&	 wxDataOutputStream::wxDataOutputStream(wxOutputStream& stream, const wxMBConv& conv=wxConvUTF8)
wxChar*	bool wxVariant::Convert(wxChar* value)
wxUniChar	wxUniChar wxVariant::GetChar()
wxLongLong	wxLongLong wxVariant::GetLongLong()
wxULongLong	wxULongLong wxVariant::GetULongLong()
wxAny*	bool wxVariantData::GetAny(wxAny* any)
istream&	bool wxVariantData::Read(istream& stream)
ostream&	bool wxVariantData::Write(ostream& stream)
const wxChar*	const wxChar* wxClassInfo::GetBaseClassName1()
const wxChar*	const wxChar* wxClassInfo::GetBaseClassName2()
const wxChar*	const wxChar* wxClassInfo::GetClassName()
const wxChar*	 wxClassInfo::wxClassInfo(const wxChar* className, const wxClassInfo* baseClass1, const wxClassInfo* baseClass2, int size, wxObjectConstructorFn fn)
wxMemoryBuffer*	bool wxConfigBase::Read(const wxString& key, wxMemoryBuffer* buf)
const wxMemoryBuffer&	bool wxConfigBase::Write(const wxString& key, const wxMemoryBuffer& buf)
const wxMBConv&	 wxConfigBase::wxConfigBase(const wxString& appName=wxEmptyString, const wxString& vendorName=wxEmptyString, const wxString& localFilename=wxEmptyString, const wxString& globalFilename=wxEmptyString, long style=0, const wxMBConv& conv=wxConvAuto())
wxArrayInt	wxArrayInt wxHeaderCtrl::GetColumnsOrder()
wxArrayInt&	void wxHeaderCtrl::MoveColumnInOrderArray(wxArrayInt& order, unsigned int idx, unsigned int pos)
const wxArrayInt&	void wxHeaderCtrl::SetColumnsOrder(const wxArrayInt& order)
const wxArrayInt&	void wxHeaderCtrl::UpdateColumnsOrder(const wxArrayInt& order)
wxArrayInt*	 wxGenericValidator::wxGenericValidator(wxArrayInt* valPtr)
const wxAuiToolBarItemArray&	int wxAuiToolBarArt::ShowDropDown(wxWindow* wnd, const wxAuiToolBarItemArray& items)
wxLinuxDistributionInfo	wxLinuxDistributionInfo wxPlatformInfo::GetLinuxDistributionInfo()
wxPrintAbortDialog*	wxPrintAbortDialog* wxPrinter::CreateAbortWindow(wxWindow* parent, wxPrintout* printout)
wxPrintPreviewBase*	 wxPreviewFrame::wxPreviewFrame(wxPrintPreviewBase* preview, wxWindow* parent, const wxString& title="Print Preview", const wxPoint& pos=wxDefaultPosition, const wxSize& size=wxDefaultSize, long style=wxDEFAULT_FRAME_STYLE, const wxString& name=wxFrameNameStr)
wxPrintPreviewBase*	wxPrintPreviewBase* wxPreviewControlBar::GetPrintPreview()
wxArrayInt&	int wxHtmlDCRenderer::Render(int x, int y, wxArrayInt& known_pagebreaks, int from=0, int dont_render=false, int to=INT_MAX)
const wxHtmlBookRecArray&	const wxHtmlBookRecArray& wxHtmlHelpData::GetBookRecArray()
const wxHtmlHelpDataItems&	const wxHtmlHelpDataItems& wxHtmlHelpData::GetContentsArray()
const wxHtmlHelpDataItems&	const wxHtmlHelpDataItems& wxHtmlHelpData::GetIndexArray()
wxHtmlSelection*	wxHtmlSelection* wxHtmlRenderingInfo::GetSelection()
wxHtmlRenderingState&	wxHtmlRenderingState& wxHtmlRenderingInfo::GetState()
wxHtmlSelection*	void wxHtmlRenderingInfo::SetSelection(wxHtmlSelection* s)
wxHtmlParser*	void wxHtmlTagHandler::SetParser(wxHtmlParser* parser)
wxEncodingConverter*	wxEncodingConverter* wxHtmlWinParser::GetEncodingConverter()
wxHtmlWindowInterface*	 wxHtmlWinParser::wxHtmlWinParser(wxHtmlWindowInterface* wndIface=NULL)
wxHeaderButtonParams*	int wxRendererNative::DrawHeaderButton(wxWindow* win, wxDC& dc, const wxRect& rect, int flags=0, wxHeaderSortIconType sortArrow=wxHDR_SORT_ICON_NONE, wxHeaderButtonParams* params=NULL)
wxHeaderButtonParams*	int wxRendererNative::DrawHeaderButtonContents(wxWindow* win, wxDC& dc, const wxRect& rect, int flags=0, wxHeaderSortIconType sortArrow=wxHDR_SORT_ICON_NONE, wxHeaderButtonParams* params=NULL)
wxSplitterRenderParams	wxSplitterRenderParams wxRendererNative::GetSplitterParams(const wxWindow* win)
wxRendererVersion	wxRendererVersion wxRendererNative::GetVersion()
const wxChar**	const wxChar** wxFontMapper::GetAllEncodingNames(wxFontEncoding encoding)
wxNativeEncodingInfo*	bool wxFontMapper::GetAltForEncoding(wxFontEncoding encoding, wxNativeEncodingInfo* info, const wxString& facename=wxEmptyString, bool interactive=true)
FILE*	 wxFFileInputStream::wxFFileInputStream(FILE* fp)
FILE*	 wxFFileOutputStream::wxFFileOutputStream(FILE* fp)
ssize_t	ssize_t wxFile::Read(void* buffer, size_t count)
const wxMBConv&	bool wxFile::Write(const wxString& s, const wxMBConv& conv=wxConvUTF8)
const wxMBConv&	bool wxFileConfig::Save(wxOutputStream& os, const wxMBConv& conv=wxConvAuto())
const wxMBConv&	 wxFileConfig::wxFileConfig(const wxString& appName=wxEmptyString, const wxString& vendorName=wxEmptyString, const wxString& localFilename=wxEmptyString, const wxString& globalFilename=wxEmptyString, long style=wxCONFIG_USE_LOCAL_FILE|wxCONFIG_USE_GLOBAL_FILE, const wxMBConv& conv=wxConvAuto())
const wxList&	const wxList& wxFileHistory::GetMenus()
const MessageParameters&	wxString wxFileType::ExpandCommand(const wxString& command, const MessageParameters& params)
wxIconLocation*	bool wxFileType::GetIcon(wxIconLocation* iconLoc)
const MessageParameters&	bool wxFileType::GetOpenCommand(wxString* command, const MessageParameters& params)
const MessageParameters&	bool wxFileType::GetPrintCommand(wxString* command, const MessageParameters& params)
...	 wxFileTypeInfo::wxFileTypeInfo(const wxString& mimeType, const wxString& openCmd, const wxString& printCmd, const wxString& description, const wxString& extension, ...)
wxLongLong	wxLongLong wxStopWatch::TimeInMicro()
const wxLogRecordInfo&	void wxLog::DoLogRecord(wxLogLevel level, const wxString& msg, const wxLogRecordInfo& info)
const wxLogRecordInfo&	void wxLog::LogRecord(wxLogLevel level, const wxString& msg, const wxLogRecordInfo& info)
const wxRibbonPageTabInfo&	void wxRibbonArtProvider::DrawTab(wxDC& dc, wxWindow* wnd, const wxRibbonPageTabInfo& tab)
const wxRibbonPageTabInfoArray&	int wxRibbonArtProvider::GetTabCtrlHeight(wxDC& dc, wxWindow* wnd, const wxRibbonPageTabInfoArray& pages)
const wxColor&	void wxRibbonArtProvider::SetColour(int id, const wxColor& colour)
wxToolBarBase*	void wxToolBarToolBase::Attach(wxToolBarBase* tbar)
wxToolBarBase*	wxToolBarBase* wxToolBarToolBase::GetToolBar()
wxToolBarBase*	 wxToolBarToolBase::wxToolBarToolBase(wxToolBarBase* tbar=NULL, int toolid=wxID_SEPARATOR, const wxString& label=wxEmptyString, const wxBitmap& bmpNormal=wxNullBitmap, const wxBitmap& bmpDisabled=wxNullBitmap, wxItemKind kind=wxITEM_NORMAL, wxObject* clientData=NULL, const wxString& shortHelpString=wxEmptyString, const wxString& longHelpString=wxEmptyString)
wxToolBarBase*	 wxToolBarToolBase::wxToolBarToolBase(wxToolBarBase* tbar, wxControl* control, const wxString& label)



Functions implementing unknown types

wxChar**	bool wxInitialize(int argc=0, wxChar** argv=NULL)
wxChar**	int wxEntry(int& argc, wxChar** argv)
HINSTANCE	int wxEntry(HINSTANCE hInstance, HINSTANCE hPrevInstance=NULL, char* pCmdLine=NULL, int nCmdShow=SW_SHOWNORMAL)
const wxChar*	const wxChar* wxSysErrorMsg(unsigned long errCode=0)
...	void wxLogGeneric(wxLogLevel level, const char* formatString, ...)
va_list	void wxVLogGeneric(wxLogLevel level, const char* formatString, va_list argPtr)
...	void wxLogMessage(const char* formatString, ...)
va_list	void wxVLogMessage(const char* formatString, va_list argPtr)
...	void wxLogInfo(const char* formatString, ...)
va_list	void wxVLogInfo(const char* formatString, va_list argPtr)
...	void wxLogVerbose(const char* formatString, ...)
va_list	void wxVLogVerbose(const char* formatString, va_list argPtr)
...	void wxLogWarning(const char* formatString, ...)
va_list	void wxVLogWarning(const char* formatString, va_list argPtr)
...	void wxLogFatalError(const char* formatString, ...)
va_list	void wxVLogFatalError(const char* formatString, va_list argPtr)
...	void wxLogError(const char* formatString, ...)
va_list	void wxVLogError(const char* formatString, va_list argPtr)
...	void wxLogTrace(const char* mask, const char* formatString, ...)
wxTraceMask	void wxLogTrace(wxTraceMask mask, const char* formatString, ...)
va_list	void wxVLogTrace(const char* mask, const char* formatString, va_list argPtr)
wxTraceMask	void wxVLogTrace(wxTraceMask mask, const char* formatString, va_list argPtr)
...	void wxLogDebug(const char* formatString, ...)
va_list	void wxVLogDebug(const char* formatString, va_list argPtr)
...	void wxLogStatus(wxFrame* frame, const char* formatString, ...)
...	void wxLogStatus(const char* formatString, ...)
va_list	void wxVLogStatus(wxFrame* frame, const char* formatString, va_list argPtr)
va_list	void wxVLogStatus(const char* formatString, va_list argPtr)
...	void wxLogSysError(const char* formatString, ...)
va_list	void wxVLogSysError(const char* formatString, va_list argPtr)
const wxChar	wxArrayString wxSplit(const wxString& str, const wxChar sep, const wxChar escape='\\')
const wxChar	wxString wxJoin(const wxArrayString& arr, const wxChar sep, const wxChar escape='\\')
wxAtomicInt&	void wxAtomicInc(wxAtomicInt& value)
wxAtomicInt&	wxInt32 wxAtomicDec(wxAtomicInt& value)
const wxMemoryBuffer&	wxString wxBase64Encode(const wxMemoryBuffer& buf)
wxMemoryBuffer	wxMemoryBuffer wxBase64Decode(const char* src, size_t srcLen=wxNO_LEN, wxBase64DecodeMode mode=wxBase64DecodeMode_Strict, size_t* posErr=NULL)
wxMemoryBuffer	wxMemoryBuffer wxBase64Decode(const wxString& src, wxBase64DecodeMode mode=wxBase64DecodeMode_Strict, size_t* posErr=NULL)
wxArrayInt&	int wxGetSelectedChoices(wxArrayInt& selections, const wxString& message, const wxString& caption, const wxArrayString& aChoices, wxWindow* parent=NULL, int x=wxDefaultCoord, int y=wxDefaultCoord, bool centre=true, int width=wxCHOICE_WIDTH, int height=wxCHOICE_HEIGHT)
wxArrayInt&	int wxGetSelectedChoices(wxArrayInt& selections, const wxString& message, const wxString& caption, int n, const wxString& choices[], wxWindow* parent=NULL, int x=wxDefaultCoord, int y=wxDefaultCoord, bool centre=true, int width=wxCHOICE_WIDTH, int height=wxCHOICE_HEIGHT)
wxAssertHandler_t	wxAssertHandler_t wxSetAssertHandler(wxAssertHandler_t handler)
	 wxDELETE(T*& ptr)
	 wxDELETEA(T*& array)
	 wxSwap(T& first, T& second)
va_list	void wxVaCopy(va_list argptrDst, va_list argptrSrc)
wxChar*	void wxDos2UnixFilename(wxChar* s)
wxChar*	void wxUnix2DosFilename(wxChar* s)
time_t	time_t wxFileModificationTime(const wxString& filename)
FILE*	wxFileKind wxGetFileKind(FILE* fp)
wxChar**	bool wxEntryStart(int& argc, wxChar** argv)
HINSTANCE	bool wxEntryStart(HINSTANCE hInstance, HINSTANCE hPrevInstance=NULL, char* pCmdLine=NULL, int nCmdShow=SW_SHOWNORMAL)
wxLocale*	wxLocale* wxGetLocale()
wxLongLong_t	wxLongLong_t wxLL(number)
wxLongLong_t	wxLongLong_t wxULL(number)
const wxInt8*	wxFloat64 wxConvertFromIeeeExtended(const wxInt8* bytes)
wxInt8*	void wxConvertToIeeeExtended(wxFloat64 num, wxInt8* bytes)
...	void wxTrace(const wxString& format, ...)
...	void wxTraceLevel(int level, const wxString& format, ...)
T*	bool wxPersistentRegisterAndRestore(T* obj, const wxString& name=wxString())
const wxRichTextAttr&	bool wxTextAttrEq(const wxRichTextAttr& attr1, const wxRichTextAttr& attr2)
wxRichTextAttr&	bool wxRichTextApplyStyle(wxRichTextAttr& destStyle, const wxRichTextAttr& style, wxRichTextAttr* compareWith=NULL)
wxRichTextAttr&	bool wxRichTextRemoveStyle(wxRichTextAttr& destStyle, const wxRichTextAttr& style)
const wxRichTextAttr&	bool wxRichTextSplitParaCharStyles(const wxRichTextAttr& style, wxRichTextAttr& parStyle, wxRichTextAttr& charStyle)
const wxArrayInt&	bool wxRichTextTabsEq(const wxArrayInt& tabs1, const wxArrayInt& tabs2)
wxScopeGuard	wxScopeGuard wxMakeGuard(F func, P1 p1, ... , PN pN)
T*	bool wxCreateScrolled(T* self, wxWindow* parent, wxWindowID winid, const wxPoint& pos, const wxSize& size, long style, const wxString& name)
wxLongLong	wxLongLong wxGetLocalTimeMillis()
wxLongLong	wxLongLong wxGetUTCTimeMillis()
wxLongLong	wxLongLong wxGetUTCTimeUSec()
wxTipProvider*	wxTipProvider* wxCreateFileTipProvider(const wxString& filename, size_t currentTip)
wxTipProvider*	bool wxShowTip(wxWindow* parent, wxTipProvider* tipProvider, bool showAtStartup=true)
wxChar*	wxChar* wxGetenv(const wxString& var)
wchar_t*	wchar_t* wxGetenv(const wchar_t* name)
const wxCStrData&	char* wxGetenv(const wxCStrData& name)
const wxCharBuffer&	char* wxGetenv(const wxCharBuffer& name)
wchar_t*	wchar_t* wxGetenv(const wxWCharBuffer& name)
wxEnvVariableHashMap*	bool wxGetEnvMap(wxEnvVariableHashMap* map)
wxLongLong	bool wxGetDiskSpace(const wxString& path, wxLongLong total=NULL, wxLongLong free=NULL)
wxSortCallback	void wxQsort(void* pbase, size_t total_elems, size_t size, wxSortCallback cmp, const void* user_data)
wxMemorySize	wxMemorySize wxGetFreeMemory()
wxLinuxDistributionInfo	wxLinuxDistributionInfo wxGetLinuxDistributionInfo()
const wxExecuteEnv*	long wxExecute(const wxString& command, int flags=wxEXEC_ASYNC, wxProcess* callback=NULL, const wxExecuteEnv* env=NULL)
const char*const*	long wxExecute(const char*const* argv, int flags=wxEXEC_ASYNC, wxProcess* callback=NULL, const wxExecuteEnv* env=NULL)
const wchar_t*const*	long wxExecute(const wchar_t*const* argv, int flags=wxEXEC_ASYNC, wxProcess* callback=NULL, const wxExecuteEnv* env=NULL)
const wxExecuteEnv*	long wxExecute(const wxString& command, wxArrayString& output, int flags=0, const wxExecuteEnv* env=NULL)
const wxExecuteEnv*	long wxExecute(const wxString& command, wxArrayString& output, wxArrayString& errors, int flags=0, const wxExecuteEnv* env=NULL)
wxChar*	void wxDecToHex(unsigned char dec, wxChar* buf)
wxFloatingPointValidator< T >	wxFloatingPointValidator< T > wxMakeFloatingPointValidator(T* value, int style=wxNUM_VAL_DEFAULT)
wxFloatingPointValidator< T >	wxFloatingPointValidator< T > wxMakeFloatingPointValidator(int precision, T* value, int style=wxNUM_VAL_DEFAULT)
wxIntegerValidator< T >	wxIntegerValidator< T > wxMakeIntegerValidator(T* value, int style=wxNUM_VAL_DEFAULT)
wxVector< T >&	void wxVectorSort(wxVector< T >& v)
const wchar_t*	bool wxIsEmpty(const wchar_t* s)
const wxCharBuffer&	bool wxIsEmpty(const wxCharBuffer& s)
const wxWCharBuffer&	bool wxIsEmpty(const wxWCharBuffer& s)
const wxCStrData&	bool wxIsEmpty(const wxCStrData& s)
wxChar*	wxChar* wxTmemchr(const wxChar* s, wxChar c, size_t l)
const wxChar*	int wxTmemcmp(const wxChar* sz1, const wxChar* sz2, size_t len)
wxChar*	wxChar* wxTmemcpy(wxChar* szOut, const wxChar* szIn, size_t len)
wxChar*	wxChar* wxTmemmove(wxChar* szOut, const wxChar* szIn, size_t len)
wxChar*	wxChar* wxTmemset(wxChar* szOut, const wxChar cIn, size_t len)
const wxCharBuffer&	char* wxSetlocale(int category, const wxCharBuffer& locale)
const wxCStrData&	char* wxSetlocale(int category, const wxCStrData& locale)
const wxCharBuffer&	size_t wxStrlen(const wxCharBuffer& s)
const wxWCharBuffer&	size_t wxStrlen(const wxWCharBuffer& s)
const wxCStrData&	size_t wxStrlen(const wxCStrData& s)
const wchar_t*	size_t wxStrnlen(const wchar_t* str, size_t maxlen)
const wxCharBuffer&	char* wxStrdup(const wxCharBuffer& s)
wchar_t*	wchar_t* wxStrdup(const wxWCharBuffer& s)
const wxCStrData&	char* wxStrdup(const wxCStrData& s)
wchar_t*	wchar_t* wxStrcpy(wchar_t* dest, const wchar_t* src)
const wxCStrData&	char* wxStrcpy(char* dest, const wxCStrData& src)
const wxCharBuffer&	char* wxStrcpy(char* dest, const wxCharBuffer& src)
wchar_t*	wchar_t* wxStrcpy(wchar_t* dest, const wxString& src)
wchar_t*	wchar_t* wxStrcpy(wchar_t* dest, const wxCStrData& src)
wchar_t*	wchar_t* wxStrcpy(wchar_t* dest, const wxWCharBuffer& src)
const wchar_t*	char* wxStrcpy(char* dest, const wchar_t* src)
wchar_t*	wchar_t* wxStrcpy(wchar_t* dest, const char* src)
wchar_t*	wchar_t* wxStrncpy(wchar_t* dest, const wchar_t* src, size_t n)
const wxCStrData&	char* wxStrncpy(char* dest, const wxCStrData& src, size_t n)
const wxCharBuffer&	char* wxStrncpy(char* dest, const wxCharBuffer& src, size_t n)
wchar_t*	wchar_t* wxStrncpy(wchar_t* dest, const wxString& src, size_t n)
wchar_t*	wchar_t* wxStrncpy(wchar_t* dest, const wxCStrData& src, size_t n)
wchar_t*	wchar_t* wxStrncpy(wchar_t* dest, const wxWCharBuffer& src, size_t n)
const wchar_t*	char* wxStrncpy(char* dest, const wchar_t* src, size_t n)
wchar_t*	wchar_t* wxStrncpy(wchar_t* dest, const char* src, size_t n)
wchar_t*	size_t wxStrlcpy(wchar_t* dest, const wchar_t* src, size_t n)
wchar_t*	wchar_t* wxStrcat(wchar_t* dest, const wchar_t* src)
const wxCStrData&	char* wxStrcat(char* dest, const wxCStrData& src)
const wxCharBuffer&	char* wxStrcat(char* dest, const wxCharBuffer& src)
wchar_t*	wchar_t* wxStrcat(wchar_t* dest, const wxString& src)
wchar_t*	wchar_t* wxStrcat(wchar_t* dest, const wxCStrData& src)
wchar_t*	wchar_t* wxStrcat(wchar_t* dest, const wxWCharBuffer& src)
const wchar_t*	char* wxStrcat(char* dest, const wchar_t* src)
wchar_t*	wchar_t* wxStrcat(wchar_t* dest, const char* src)
wchar_t*	wchar_t* wxStrncat(wchar_t* dest, const wchar_t* src, size_t n)
const wxCStrData&	char* wxStrncat(char* dest, const wxCStrData& src, size_t n)
const wxCharBuffer&	char* wxStrncat(char* dest, const wxCharBuffer& src, size_t n)
wchar_t*	wchar_t* wxStrncat(wchar_t* dest, const wxString& src, size_t n)
wchar_t*	wchar_t* wxStrncat(wchar_t* dest, const wxCStrData& src, size_t n)
wchar_t*	wchar_t* wxStrncat(wchar_t* dest, const wxWCharBuffer& src, size_t n)
const wchar_t*	char* wxStrncat(char* dest, const wchar_t* src, size_t n)
wchar_t*	wchar_t* wxStrncat(wchar_t* dest, const char* src, size_t n)
const T&	int wxStrcmp_String(const wxString& s1, const T& s2)
const T&	int wxStricmp_String(const wxString& s1, const T& s2)
const T&	int wxStrcoll_String(const wxString& s1, const T& s2)
const T&	size_t wxStrspn_String(const wxString& s1, const T& s2)
const T&	size_t wxStrcspn_String(const wxString& s1, const T& s2)
const T&	int wxStrncmp_String(const wxString& s1, const T& s2, size_t n)
const T&	int wxStrnicmp_String(const wxString& s1, const T& s2, size_t n)
wchar_t*	size_t wxStrxfrm(wchar_t* dest, const wchar_t* src, size_t n)
T*	size_t wxStrxfrm(T* dest, const wxCharTypeBuffer< T >& src, size_t n)
wchar_t*	size_t wxStrxfrm(wchar_t* dest, const wxString& src, size_t n)
const wxCStrData&	size_t wxStrxfrm(char* dest, const wxCStrData& src, size_t n)
wchar_t*	size_t wxStrxfrm(wchar_t* dest, const wxCStrData& src, size_t n)
const wchar_t*	const wchar_t* wxStrstr(const wchar_t* haystack, const wchar_t* needle)
const wchar_t*	const wchar_t* wxStrstr(const wchar_t* haystack, const wxString& needle)
const wxCStrData&	const char* wxStrstr(const wxCStrData& haystack, const wxString& needle)
const wxCStrData&	const char* wxStrstr(const wxCStrData& haystack, const wxCStrData& needle)
const wxCStrData&	const char* wxStrstr(const wxCStrData& haystack, const char* needle)
const wchar_t*	const wchar_t* wxStrstr(const wxString& haystack, const wchar_t* needle)
const wchar_t*	const wchar_t* wxStrstr(const wxCStrData& haystack, const wchar_t* needle)
wchar_t*	wchar_t* wxStrstr(wchar_t* haystack, const wchar_t* needle)
wchar_t*	wchar_t* wxStrstr(wchar_t* haystack, const wxString& needle)
const wchar_t*	const wchar_t* wxStrchr(const wchar_t* s, wchar_t c)
const wxUniChar&	const char* wxStrchr(const char* s, const wxUniChar& c)
const wchar_t*	const wchar_t* wxStrchr(const wchar_t* s, const wxUniChar& c)
const wxUniCharRef&	const char* wxStrchr(const char* s, const wxUniCharRef& c)
const wchar_t*	const wchar_t* wxStrchr(const wchar_t* s, const wxUniCharRef& c)
const T*	const T* wxStrchr(const wxCharTypeBuffer< T >& s, T c)
const T*	const T* wxStrchr(const wxCharTypeBuffer< T >& s, const wxUniChar& c)
const T*	const T* wxStrchr(const wxCharTypeBuffer< T >& s, const wxUniCharRef& c)
const wxUniChar&	const char* wxStrchr(const wxString& s, const wxUniChar& c)
const wxUniCharRef&	const char* wxStrchr(const wxString& s, const wxUniCharRef& c)
const wchar_t*	const wchar_t* wxStrchr(const wxString& s, wchar_t c)
const wxCStrData&	const char* wxStrchr(const wxCStrData& s, char c)
const wxCStrData&	const char* wxStrchr(const wxCStrData& s, int c)
const wxCStrData&	const char* wxStrchr(const wxCStrData& s, const wxUniChar& c)
const wxCStrData&	const char* wxStrchr(const wxCStrData& s, const wxUniCharRef& c)
const wchar_t*	const wchar_t* wxStrchr(const wxCStrData& s, wchar_t c)
wchar_t*	wchar_t* wxStrchr(wchar_t* s, wchar_t c)
const wchar_t*	const wchar_t* wxStrrchr(const wchar_t* s, wchar_t c)
const wxUniChar&	const char* wxStrrchr(const char* s, const wxUniChar& c)
const wchar_t*	const wchar_t* wxStrrchr(const wchar_t* s, const wxUniChar& c)
const wxUniCharRef&	const char* wxStrrchr(const char* s, const wxUniCharRef& c)
const wchar_t*	const wchar_t* wxStrrchr(const wchar_t* s, const wxUniCharRef& c)
const T*	const T* wxStrrchr(const wxCharTypeBuffer< T >& s, T c)
const T*	const T* wxStrrchr(const wxCharTypeBuffer< T >& s, const wxUniChar& c)
const T*	const T* wxStrrchr(const wxCharTypeBuffer< T >& s, const wxUniCharRef& c)
const wxUniChar&	const char* wxStrrchr(const wxString& s, const wxUniChar& c)
const wxUniCharRef&	const char* wxStrrchr(const wxString& s, const wxUniCharRef& c)
const wchar_t*	const wchar_t* wxStrrchr(const wxString& s, wchar_t c)
const wxCStrData&	const char* wxStrrchr(const wxCStrData& s, char c)
const wxCStrData&	const char* wxStrrchr(const wxCStrData& s, int c)
const wxCStrData&	const char* wxStrrchr(const wxCStrData& s, const wxUniChar& c)
const wxCStrData&	const char* wxStrrchr(const wxCStrData& s, const wxUniCharRef& c)
const wchar_t*	const wchar_t* wxStrrchr(const wxCStrData& s, wchar_t c)
wchar_t*	wchar_t* wxStrrchr(wchar_t* s, wchar_t c)
const wchar_t*	const wchar_t* wxStrpbrk(const wchar_t* s, const wchar_t* accept)
const wxCStrData&	const char* wxStrpbrk(const char* s, const wxCStrData& accept)
const wchar_t*	const wchar_t* wxStrpbrk(const wchar_t* s, const wxString& accept)
const wchar_t*	const wchar_t* wxStrpbrk(const wchar_t* s, const wxCStrData& accept)
const wchar_t*	const wchar_t* wxStrpbrk(const wxString& s, const wchar_t* accept)
const wxCStrData&	const char* wxStrpbrk(const wxString& s, const wxCStrData& accept)
const wxCStrData&	const char* wxStrpbrk(const wxCStrData& s, const wxString& accept)
const wxCStrData&	const char* wxStrpbrk(const wxCStrData& s, const char* accept)
const wchar_t*	const wchar_t* wxStrpbrk(const wxCStrData& s, const wchar_t* accept)
const wxCStrData&	const char* wxStrpbrk(const wxCStrData& s, const wxCStrData& accept)
const T*	const T* wxStrpbrk(const S& s, const wxCharTypeBuffer< T >& accept)
wchar_t*	wchar_t* wxStrpbrk(wchar_t* s, const wchar_t* accept)
wchar_t*	wchar_t* wxStrpbrk(wchar_t* s, const wxString& accept)
FILE*	FILE* wxFopen(const wxString& path, const wxString& mode)
FILE*	FILE* wxFreopen(const wxString& path, const wxString& mode, FILE* stream)
FILE*	char* wxFgets(char* s, int size, FILE* stream)
FILE*	int wxFgetc(FILE* stream)
FILE*	int wxUngetc(int c, FILE* stream)
const struct tm*	size_t wxStrftime(char* s, size_t max, size_t max, const wxString& format, const struct tm* tm)
wchar_t*	size_t wxStrftime(wchar_t* s, size_t max, size_t max, const wxString& format, const struct tm* tm)
const wxUniChar&	bool wxIsalnum(const wxUniChar& c)
const wxUniChar&	bool wxIsalpha(const wxUniChar& c)
const wxUniChar&	bool wxIscntrl(const wxUniChar& c)
const wxUniChar&	bool wxIsdigit(const wxUniChar& c)
const wxUniChar&	bool wxIsgraph(const wxUniChar& c)
const wxUniChar&	bool wxIslower(const wxUniChar& c)
const wxUniChar&	bool wxIsprint(const wxUniChar& c)
const wxUniChar&	bool wxIspunct(const wxUniChar& c)
const wxUniChar&	bool wxIsspace(const wxUniChar& c)
const wxUniChar&	bool wxIsupper(const wxUniChar& c)
const wxUniChar&	bool wxIsxdigit(const wxUniChar& c)
wxUniChar	wxUniChar wxTolower(const wxUniChar& c)
wxUniChar	wxUniChar wxToupper(const wxUniChar& c)
const wxUniChar&	int wxIsctrl(const wxUniChar& c)
wchar_t	int wxIsalnum_l(wchar_t c, const wxXLocale& loc)
wchar_t	int wxIsalpha_l(wchar_t c, const wxXLocale& loc)
wchar_t	int wxIscntrl_l(wchar_t c, const wxXLocale& loc)
wchar_t	int wxIsdigit_l(wchar_t c, const wxXLocale& loc)
wchar_t	int wxIsgraph_l(wchar_t c, const wxXLocale& loc)
wchar_t	int wxIslower_l(wchar_t c, const wxXLocale& loc)
wchar_t	int wxIsprint_l(wchar_t c, const wxXLocale& loc)
wchar_t	int wxIspunct_l(wchar_t c, const wxXLocale& loc)
wchar_t	int wxIsspace_l(wchar_t c, const wxXLocale& loc)
wchar_t	int wxIsupper_l(wchar_t c, const wxXLocale& loc)
wchar_t	int wxIsxdigit_l(wchar_t c, const wxXLocale& loc)
wchar_t	wchar_t wxTolower_l(wchar_t c, const wxXLocale& loc)
wchar_t	wchar_t wxToupper_l(wchar_t c, const wxXLocale& loc)
const wchar_t*	double wxStrtod_l(const wchar_t* c, wchar_t** endptr, const wxXLocale& loc)
const wchar_t*	long wxStrtol_l(const wchar_t* c, wchar_t** endptr, int base, const wxXLocale& loc)
const wchar_t*	unsigned long wxStrtoul_l(const wchar_t* c, wchar_t** endptr, int base, const wxXLocale& loc)



Deprecated Functions

void wxSplitPath(const wxString& fullname, wxString* path, wxString* name, wxString* ext)
wxWindow* wxFindWindowByLabel(const wxString& label, wxWindow* parent=NULL)
wxWindow* wxFindWindowByName(const wxString& name, wxWindow* parent=NULL)
wxWindowID wxNewId()
void wxUsleep(unsigned long milliseconds)



Not Crossplatform Classes

wxMouseCaptureLostEvent
wxMouseCaptureChangedEvent
wxIconizeEvent
wxShowEvent
wxDropFilesEvent



Not Crossplatform Methods

wxImageList::Add
wxImageList::Replace
wxMenuItem::GetBitmap
wxTextCtrl::PositionToCoords
wxSlider::SetTickFreq
wxSlider::SetTick
wxSlider::SetThumbLength
wxSlider::SetSelection
wxSlider::GetTickFreq
wxSlider::GetThumbLength
wxSlider::GetSelStart
wxSlider::GetSelEnd
wxSlider::ClearSel
wxSlider::ClearTicks
wxDialog::IsMainButtonId
wxSound::IsPlaying
wxStandardPaths::GetInstallPrefix
wxStandardPaths::SetInstallPrefix



Deprecated Methods

wxWindow::SetInitialBestSize
wxWindow::SetPalette
wxSizer::SetVirtualSizeHints
wxSizerItem::SetWindow
wxSizerItem::SetSpacer
wxSizerItem::SetSizer
wxMenuBar::GetLabelTop
wxMenuBar::SetLabelTop
wxMenuItem::SetText
wxMenuItem::GetLabel
wxMenuItem::GetLabelFromText
wxMenuItem::GetName
wxMenuItem::GetText
wxKeyboardState::CmdDown
wxArtProvider::Insert
wxHtmlTag::GetBeginPos
wxHtmlTag::GetEndPos1
wxHtmlTag::GetEndPos2
wxThreadHelper::Create
wxToolBar::OnRightClick
wxGrid::SetCellValue
wxComboCtrl::ShowPopup
wxComboCtrl::SetTextIndent
wxComboCtrl::HidePopup
wxComboCtrl::GetTextIndent
wxDataViewCustomRenderer::LeftClick



Methods implemented unhandled argument declarations




Constants

wxAC_DEFAULT_STYLE = "(wxBORDER_NONE)"
wxAC_NO_AUTORESIZE = "(0x0010)"
wxAEDIALOG_STYLE = "(wxDEFAULT_DIALOG_STYLE | wxRESIZE_BORDER | wxOK | wxCANCEL | wxCENTRE)"
wxBITMAP_SCREEN_DEPTH = "(-1)"
wxBK_ALIGN_MASK = "(wxBK_TOP | wxBK_BOTTOM | wxBK_LEFT | wxBK_RIGHT)"
wxBU_ALIGN_MASK = "( wxBU_LEFT | wxBU_TOP | wxBU_RIGHT | wxBU_BOTTOM )"
wxCANCEL_DEFAULT = "0x80000000  /* only valid with wxCANCEL */"
wxCHOICEDLG_STYLE = "(wxDEFAULT_DIALOG_STYLE | wxOK | wxCANCEL | wxCENTRE | wxRESIZE_BORDER)"
wxCLRP_USE_TEXTCTRL = "(wxPB_USE_TEXTCTRL)"
wxCP_DEFAULT_STYLE = "(wxTAB_TRAVERSAL | wxNO_BORDER)"
wxCP_NO_TLW_RESIZE = "(0x0002)"
wxDD_DEFAULT_STYLE = "(wxDEFAULT_DIALOG_STYLE|wxRESIZE_BORDER)"
wxDEBUG_LEVEL = ""
wxDEFAULT_DELIMITERS = "" \t\r\n""
wxDVR_DEFAULT_ALIGNMENT = "-1"
wxEL_DEFAULT_STYLE = "(wxEL_ALLOW_NEW | wxEL_ALLOW_EDIT | wxEL_ALLOW_DELETE)"
wxFAIL = ""
wxFONTBTN_DEFAULT_STYLE = "(wxFNTP_FONTDESC_AS_LABEL | wxFNTP_USEFONT_FOR_LABEL)"
wxGRID_AUTOSIZE = "(-1)"
wxHF_DEFAULT_STYLE = "(wxHF_TOOLBAR | wxHF_CONTENTS | \
                                     wxHF_INDEX | wxHF_SEARCH | \
                                     wxHF_BOOKMARKS | wxHF_PRINT)"
wxHTML_INDENT_ALL = "(wxHTML_INDENT_VERTICAL | wxHTML_INDENT_HORIZONTAL)"
wxHTML_INDENT_HORIZONTAL = "(wxHTML_INDENT_LEFT | wxHTML_INDENT_RIGHT)"
wxHTML_INDENT_VERTICAL = "(wxHTML_INDENT_TOP | wxHTML_INDENT_BOTTOM)"
wxICON_MASK = "(wxICON_EXCLAMATION|wxICON_HAND|wxICON_QUESTION|wxICON_INFORMATION|wxICON_NONE)"
wxICON_SCREEN_DEPTH = "(-1)"
wxID_HTML_HELPFRAME = "(wxID_HIGHEST + 1)"
wxID_RICHTEXT_PROPERTIES1 = "(wxID_HIGHEST + 1)"
wxID_RICHTEXT_PROPERTIES2 = "(wxID_HIGHEST + 2)"
wxID_RICHTEXT_PROPERTIES3 = "(wxID_HIGHEST + 3)"
wxIMAGE_OPTION_BMP_FORMAT = "wxString("wxBMP_FORMAT")"
wxIMAGE_OPTION_CUR_HOTSPOT_X = "wxString("HotSpotX")"
wxIMAGE_OPTION_CUR_HOTSPOT_Y = "wxString("HotSpotY")"
wxIMAGE_OPTION_FILENAME = "wxString("FileName")"
wxIMAGE_OPTION_GIF_COMMENT = "wxT("GifComment")"
wxIMAGE_OPTION_GIF_TRANSPARENCY = "wxString("Transparency")"
wxIMAGE_OPTION_GIF_TRANSPARENCY_HIGHLIGHT = "wxString("Highlight")"
wxIMAGE_OPTION_GIF_TRANSPARENCY_UNCHANGED = "wxString("Unchanged")"
wxIMAGE_OPTION_MAX_HEIGHT = "wxString("MaxHeight")"
wxIMAGE_OPTION_MAX_WIDTH = "wxString("MaxWidth")"
wxIMAGE_OPTION_ORIGINAL_HEIGHT = "wxString("OriginalHeight")"
wxIMAGE_OPTION_ORIGINAL_WIDTH = "wxString("OriginalWidth")"
wxIMAGE_OPTION_PNG_BITDEPTH = "wxT("PngBitDepth")"
wxIMAGE_OPTION_PNG_COMPRESSION_BUFFER_SIZE = "wxT("PngZB")"
wxIMAGE_OPTION_PNG_COMPRESSION_LEVEL = "wxT("PngZL")"
wxIMAGE_OPTION_PNG_COMPRESSION_MEM_LEVEL = "wxT("PngZM")"
wxIMAGE_OPTION_PNG_COMPRESSION_STRATEGY = "wxT("PngZS")"
wxIMAGE_OPTION_PNG_FILTER = "wxT("PngF")"
wxIMAGE_OPTION_PNG_FORMAT = "wxT("PngFormat")"
wxIMAGE_OPTION_QUALITY = "wxString("quality")"
wxIMAGE_OPTION_RESOLUTION = "wxString("Resolution")"
wxIMAGE_OPTION_RESOLUTIONUNIT = "wxString("ResolutionUnit")"
wxIMAGE_OPTION_RESOLUTIONX = "wxString("ResolutionX")"
wxIMAGE_OPTION_RESOLUTIONY = "wxString("ResolutionY")"
wxIMAGE_OPTION_TIFF_BITSPERSAMPLE = "wxString("BitsPerSample")"
wxIMAGE_OPTION_TIFF_COMPRESSION = "wxString("Compression")"
wxIMAGE_OPTION_TIFF_IMAGEDESCRIPTOR = "wxString("ImageDescriptor")"
wxIMAGE_OPTION_TIFF_PHOTOMETRIC = "wxString("Photometric")"
wxIMAGE_OPTION_TIFF_SAMPLESPERPIXEL = "wxString("SamplesPerPixel")"
wxLC_MASK_ALIGN = "(wxLC_ALIGN_TOP | wxLC_ALIGN_LEFT)"
wxLC_MASK_SORT = "(wxLC_SORT_ASCENDING | wxLC_SORT_DESCENDING)"
wxLC_MASK_TYPE = "(wxLC_ICON | wxLC_SMALL_ICON | wxLC_LIST | wxLC_REPORT)"
wxLIST_GETSUBITEMRECT_WHOLEITEM = "-1l"
wxLIST_HITTEST_ONITEM = "(wxLIST_HITTEST_ONITEMICON | wxLIST_HITTEST_ONITEMLABEL | wxLIST_HITTEST_ONITEMSTATEICON)"
wxLongLongFmtSpec = ""
wxNOT_FOUND = "(-1)"
wxOK_DEFAULT = "0x00000000  /* has no effect (default) */"
wxOVERRIDE = ""
wxPGChoicesEmptyData = "((wxPGChoicesData*)NULL)"
wxPGMAN_DEFAULT_STYLE = "(0)"
wxPGVFBFlags = "unsigned char"
wxPG_ARRAY_DELIMITER = "wxS("Delimiter")"
wxPG_ATTR_AUTOCOMPLETE = "wxS("AutoComplete")"
wxPG_ATTR_DEFAULT_VALUE = "wxS("DefaultValue")"
wxPG_ATTR_HINT = "wxS("Hint")"
wxPG_ATTR_MAX = "wxS("Max")"
wxPG_ATTR_MIN = "wxS("Min")"
wxPG_ATTR_MULTICHOICE_USERSTRINGMODE = "wxS("UserStringMode")"
wxPG_ATTR_SPINCTRL_MOTION = "wxS("MotionSpin")"
wxPG_ATTR_SPINCTRL_STEP = "wxS("Step")"
wxPG_ATTR_SPINCTRL_WRAP = "wxS("Wrap")"
wxPG_ATTR_UNITS = "wxS("Units")"
wxPG_BOOL_USE_CHECKBOX = "wxS("UseCheckbox")"
wxPG_BOOL_USE_DOUBLE_CLICK_CYCLING = "wxS("UseDClickCycling")"
wxPG_COLOUR_ALLOW_CUSTOM = "wxS("AllowCustom")"
wxPG_COLOUR_BLACK = "(*wxBLACK)"
wxPG_COLOUR_HAS_ALPHA = "wxS("HasAlpha")"
wxPG_COLOUR_UNSPECIFIED = "(wxPG_COLOUR_CUSTOM+1)"
wxPG_DATE_FORMAT = "wxS("DateFormat")"
wxPG_DATE_PICKER_STYLE = "wxS("PickerStyle")"
wxPG_DEFAULT_STYLE = "(0)"
wxPG_DIALOG_TITLE = "wxS("DialogTitle")"
wxPG_FILE_DIALOG_STYLE = "wxS("DialogStyle")"
wxPG_FILE_INITIAL_PATH = "wxS("InitialPath")"
wxPG_FILE_SHOW_FULL_PATH = "wxS("ShowFullPath")"
wxPG_FILE_SHOW_RELATIVE_PATH = "wxS("ShowRelativePath")"
wxPG_FILE_WILDCARD = "wxS("Wildcard")"
wxPG_FLOAT_PRECISION = "wxS("Precision")"
wxPG_LABEL = "(*wxPGProperty::sm_wxPG_LABEL)"
wxPG_LABEL_STRING = "wxS("@!")"
wxPG_PROP_PARENTAL_FLAGS = "((wxPGPropertyFlags)(wxPG_PROP_AGGREGATE | \
                         wxPG_PROP_CATEGORY | \
                         wxPG_PROP_MISC_PARENT))"
wxPG_STRING_PASSWORD = "wxS("Password")"
wxPG_STRING_STORED_FLAGS = "(wxPG_PROP_DISABLED|wxPG_PROP_HIDDEN|wxPG_PROP_NOEDITOR|wxPG_PROP_COLLAPSED)"
wxPG_UINT_BASE = "wxS("Base")"
wxPG_UINT_PREFIX = "wxS("Prefix")"
wxPREVIEW_DEFAULT = "(wxPREVIEW_PREVIOUS|wxPREVIEW_NEXT|wxPREVIEW_ZOOM\
                            |wxPREVIEW_FIRST|wxPREVIEW_GOTO|wxPREVIEW_LAST)"
wxPRINT_QUALITY_DRAFT = "-4"
wxPRINT_QUALITY_HIGH = "-1"
wxPRINT_QUALITY_LOW = "-3"
wxPRINT_QUALITY_MEDIUM = "-2"
wxRICHTEXT_ALL = "wxRichTextRange(-2, -2)"
wxRICHTEXT_DEFAULT_FOCUSSED_BACKGROUND = "wxColour(140, 140, 140)"
wxRICHTEXT_DEFAULT_FOCUS_RECT_COLOUR = "wxColour(100, 80, 80)"
wxRICHTEXT_DEFAULT_IMAGE_SIZE = "wxSize(80, 80)"
wxRICHTEXT_DEFAULT_OVERALL_SIZE = "wxSize(-1, -1)"
wxRICHTEXT_DEFAULT_TYPE_COLOUR = "wxColour(0, 0, 200)"
wxRICHTEXT_DEFAULT_UNFOCUSSED_BACKGROUND = "wxColour(175, 175, 175)"
wxRICHTEXT_DEFAULT_UNSELECTED_BACKGROUND = "wxSystemSettings::GetColour(wxSYS_COLOUR_3DFACE)"
wxRICHTEXT_NONE = "wxRichTextRange(-1, -1)"
wxRICHTEXT_NO_SELECTION = "wxRichTextRange(-2, -2)"
wxRICHTEXT_ORGANISER_BROWSE = "(wxRICHTEXT_ORGANISER_SHOW_ALL|wxRICHTEXT_ORGANISER_OK_CANCEL)"
wxRICHTEXT_ORGANISER_BROWSE_NUMBERING = "(wxRICHTEXT_ORGANISER_SHOW_LIST|wxRICHTEXT_ORGANISER_OK_CANCEL|wxRICHTEXT_ORGANISER_RENUMBER)"
wxRICHTEXT_ORGANISER_ORGANISE = "(wxRICHTEXT_ORGANISER_SHOW_ALL|wxRICHTEXT_ORGANISER_DELETE_STYLES|wxRICHTEXT_ORGANISER_CREATE_STYLES|wxRICHTEXT_ORGANISER_APPLY_STYLES|wxRICHTEXT_ORGANISER_EDIT_STYLES|wxRICHTEXT_ORGANISER_RENAME_STYLES)"
wxSCRIPT_MUL_FACTOR = "1.5"
wxSIZE_AUTO = "(wxSIZE_AUTO_WIDTH|wxSIZE_AUTO_HEIGHT)"
wxSTACKWALKER_MAX_DEPTH = "(200)"
wxSTB_DEFAULT_STYLE = "(wxSTB_SIZEGRIP|wxSTB_ELLIPSIZE_END|wxSTB_SHOW_TIPS|wxFULL_REPAINT_ON_RESIZE)"
wxSW_3D = "(wxSW_3DSASH | wxSW_3DBORDER)"
wxTC_MULTILINE = "0x0200    /* == wxNB_MULTILINE */"
wxTC_TOP = "0x0000    /*  default */"
wxTextEntryDialogStyle = "(wxOK | wxCANCEL | wxCENTRE)"
wxTheClipboard = ""
wxWINDOW_STYLE_MASK = "(wxVSCROLL|wxHSCROLL|wxBORDER_MASK|wxALWAYS_SHOW_SB|wxCLIP_CHILDREN| \
     wxCLIP_SIBLINGS|wxTRANSPARENT_WINDOW|wxTAB_TRAVERSAL|wxWANTS_CHARS| \
     wxRETAINED|wxPOPUP_WINDOW|wxFULL_REPAINT_ON_RESIZE)"
wxXML_NO_INDENTATION = "(-1)"
